[2025-07-19T05:50:59.621728+00:00] test.INFO: Ini log test untuk cek file log  
[2025-07-19T05:50:59.639298+00:00] LOGIN.ERROR: Validasi gagal untuk user {"invalid_input":"USER","expected_format":"USER TIDAK DITEMUKAN"} 
[2025-07-19T05:51:26.176602+00:00] test.INFO: Ini log test untuk cek file log  
[2025-07-19T05:54:31.145730+00:00] test.INFO: Ini log test untuk cek file log  
[2025-07-19T05:57:44.936539+00:00] test.INFO: Ini log test untuk cek file log  
[2025-07-19T05:57:49.007292+00:00] test.INFO: Ini log test untuk cek file log  
[2025-07-19T06:01:55.272866+00:00] test.INFO: Ini log test untuk cek file log  
[2025-07-19T06:01:55.719371+00:00] BUAT-HISTORY-LOGIN.INFO: <================= MULAI PROSES SIMPAN DATA KE DATABAS HistoryLoginUser =================>  
[2025-07-19T06:01:55.720358+00:00] BUAT-HISTORY-LOGIN.INFO: Data dari controller: {"kd_user":"USR-202411-000"}  
[2025-07-19T06:01:55.721452+00:00] BUAT-HISTORY-LOGIN.INFO: berhasil buat code PK HistoryLoginUser  
[2025-07-19T06:04:15.217485+00:00] BUAT-HISTORY-LOGIN.INFO: <================= MULAI PROSES SIMPAN DATA KE DATABAS HistoryLoginUser =================>  
[2025-07-19T06:04:15.217896+00:00] BUAT-HISTORY-LOGIN.INFO: Data dari controller: {"kd_user":"USR-202411-000"}  
[2025-07-19T06:04:15.218840+00:00] BUAT-HISTORY-LOGIN.INFO: berhasil buat code PK HistoryLoginUser  
[2025-07-19T06:06:55.799960+00:00] BUAT-HISTORY-LOGIN.INFO: <================= MULAI PROSES SIMPAN DATA KE DATABAS HistoryLoginUser =================>  
[2025-07-19T06:06:55.800270+00:00] BUAT-HISTORY-LOGIN.INFO: Data dari controller: {"kd_user":"USR-202411-000"}  
[2025-07-19T06:06:55.801147+00:00] BUAT-HISTORY-LOGIN.INFO: berhasil buat code PK HistoryLoginUser  
[2025-07-19T06:09:01.031875+00:00] BUAT-HISTORY-LOGIN.INFO: <================= MULAI PROSES SIMPAN DATA KE DATABAS HistoryLoginUser =================>  
[2025-07-19T06:09:01.032190+00:00] BUAT-HISTORY-LOGIN.INFO: Data dari controller: {"kd_user":"USR-202411-000"}  
[2025-07-19T06:09:01.033016+00:00] BUAT-HISTORY-LOGIN.INFO: berhasil buat code PK HistoryLoginUser  
[2025-07-19T07:06:55.585555+00:00] BUAT-HISTORY-LOGIN.INFO: <================= MULAI PROSES SIMPAN DATA KE DATABAS HistoryLoginUser =================>  
[2025-07-19T07:06:55.585961+00:00] BUAT-HISTORY-LOGIN.INFO: Data dari controller: {"kd_user":"USR-202411-000"}  
[2025-07-19T07:06:55.587026+00:00] BUAT-HISTORY-LOGIN.INFO: berhasil buat code PK HistoryLoginUser  
[2025-07-19T07:07:38.310547+00:00] BUAT-HISTORY-LOGIN.INFO: <================= MULAI PROSES SIMPAN DATA KE DATABAS HistoryLoginUser =================>  
[2025-07-19T07:07:38.310822+00:00] BUAT-HISTORY-LOGIN.INFO: Data dari controller: {"kd_user":"USR-202411-000"}  
[2025-07-19T07:07:38.311510+00:00] BUAT-HISTORY-LOGIN.INFO: berhasil buat code PK HistoryLoginUser  
[2025-07-19T07:07:48.454127+00:00] BUAT-HISTORY-LOGIN.INFO: <================= MULAI PROSES SIMPAN DATA KE DATABAS HistoryLoginUser =================>  
[2025-07-19T07:07:48.454409+00:00] BUAT-HISTORY-LOGIN.INFO: Data dari controller: {"kd_user":"USR-202411-000"}  
[2025-07-19T07:07:48.455150+00:00] BUAT-HISTORY-LOGIN.INFO: berhasil buat code PK HistoryLoginUser  
[2025-07-19T07:14:09.279572+00:00] BUAT-HISTORY-LOGIN.INFO: <================= MULAI PROSES SIMPAN DATA KE DATABAS HistoryLoginUser =================>  
[2025-07-19T07:14:09.279893+00:00] BUAT-HISTORY-LOGIN.INFO: Data dari controller: {"kd_user":"USR-202411-000"}  
[2025-07-19T07:14:09.280739+00:00] BUAT-HISTORY-LOGIN.INFO: berhasil buat code PK HistoryLoginUser  
[2025-07-19T07:14:37.186016+00:00] BUAT-HISTORY-LOGIN.INFO: <================= MULAI PROSES SIMPAN DATA KE DATABAS HistoryLoginUser =================>  
[2025-07-19T07:14:37.186308+00:00] BUAT-HISTORY-LOGIN.INFO: Data dari controller: {"kd_user":"USR-202411-000"}  
[2025-07-19T07:14:37.186990+00:00] BUAT-HISTORY-LOGIN.INFO: berhasil buat code PK HistoryLoginUser  
[2025-07-19T07:20:22.335047+00:00] BUAT-HISTORY-LOGIN.INFO: <================= MULAI PROSES SIMPAN DATA KE DATABAS HistoryLoginUser =================>  
[2025-07-19T07:20:22.335365+00:00] BUAT-HISTORY-LOGIN.INFO: Data dari controller: {"kd_user":"USR-202411-000"}  
[2025-07-19T07:20:22.336198+00:00] BUAT-HISTORY-LOGIN.INFO: berhasil buat code PK HistoryLoginUser  
[2025-07-19T08:04:54.430711+00:00] BUAT-HISTORY-LOGIN.INFO: <================= MULAI PROSES SIMPAN DATA KE DATABAS HistoryLoginUser =================>  
[2025-07-19T08:04:54.431122+00:00] BUAT-HISTORY-LOGIN.INFO: Data dari controller: {"kd_user":"USR-202411-000"}  
[2025-07-19T08:04:54.431993+00:00] BUAT-HISTORY-LOGIN.INFO: berhasil buat code PK HistoryLoginUser  
[2025-07-19T12:20:59.845342+00:00] BUAT-HISTORY-LOGIN.INFO: <================= MULAI PROSES SIMPAN DATA KE DATABAS HistoryLoginUser =================>  
[2025-07-19T12:20:59.845874+00:00] BUAT-HISTORY-LOGIN.INFO: Data dari controller: {"kd_user":"USR-202411-000"}  
[2025-07-19T12:20:59.848773+00:00] BUAT-HISTORY-LOGIN.INFO: berhasil buat code PK HistoryLoginUser  
[2025-07-19T12:35:15.126617+00:00] BUAT-HISTORY-LOGIN.INFO: <================= MULAI PROSES SIMPAN DATA KE DATABAS HistoryLoginUser =================>  
[2025-07-19T12:35:15.126907+00:00] BUAT-HISTORY-LOGIN.INFO: Data dari controller: {"kd_user":"USR-202411-000"}  
[2025-07-19T12:35:15.127782+00:00] BUAT-HISTORY-LOGIN.INFO: berhasil buat code PK HistoryLoginUser  
[2025-07-19T12:59:03.164315+00:00] BUAT-HISTORY-LOGIN.INFO: <================= MULAI PROSES SIMPAN DATA KE DATABAS HistoryLoginUser =================>  
[2025-07-19T12:59:03.164645+00:00] BUAT-HISTORY-LOGIN.INFO: Data dari controller: {"kd_user":"USR-202411-001"}  
[2025-07-19T12:59:03.165489+00:00] BUAT-HISTORY-LOGIN.INFO: berhasil buat code PK HistoryLoginUser  
[2025-07-19T14:53:39.183450+00:00] BUAT-HISTORY-LOGIN.INFO: <================= MULAI PROSES SIMPAN DATA KE DATABAS HistoryLoginUser =================>  
[2025-07-19T14:53:39.198741+00:00] BUAT-HISTORY-LOGIN.INFO: Data dari controller: {"kd_user":"USR-202411-000"}  
[2025-07-19T14:53:39.199872+00:00] BUAT-HISTORY-LOGIN.INFO: berhasil buat code PK HistoryLoginUser  
[2025-07-19T14:57:20.387329+00:00] BUAT-HISTORY-LOGIN.INFO: <================= MULAI PROSES SIMPAN DATA KE DATABAS HistoryLoginUser =================>  
[2025-07-19T14:57:20.387633+00:00] BUAT-HISTORY-LOGIN.INFO: Data dari controller: {"kd_user":"USR-202411-000"}  
[2025-07-19T14:57:20.388494+00:00] BUAT-HISTORY-LOGIN.INFO: berhasil buat code PK HistoryLoginUser  
[2025-07-19T15:51:46.215981+00:00] BUAT-HISTORY-LOGIN.INFO: <================= MULAI PROSES SIMPAN DATA KE DATABAS HistoryLoginUser =================>  
[2025-07-19T15:51:46.216327+00:00] BUAT-HISTORY-LOGIN.INFO: Data dari controller: {"kd_user":"USR-202411-000"}  
[2025-07-19T15:51:46.217202+00:00] BUAT-HISTORY-LOGIN.INFO: berhasil buat code PK HistoryLoginUser  
[2025-07-20T02:03:16.731902+00:00] BUAT-HISTORY-LOGIN.INFO: <================= MULAI PROSES SIMPAN DATA KE DATABAS HistoryLoginUser =================>  
[2025-07-20T02:03:16.748333+00:00] BUAT-HISTORY-LOGIN.INFO: Data dari controller: {"kd_user":"USR-202411-000"}  
[2025-07-20T02:03:16.752057+00:00] BUAT-HISTORY-LOGIN.INFO: berhasil buat code PK HistoryLoginUser  
[2025-07-20T09:44:06.740658+00:00] BUAT-HISTORY-LOGIN.INFO: <================= MULAI PROSES SIMPAN DATA KE DATABAS HistoryLoginUser =================>  
[2025-07-20T09:44:06.741012+00:00] BUAT-HISTORY-LOGIN.INFO: Data dari controller: {"kd_user":"USR-202411-000"}  
[2025-07-20T09:44:06.741959+00:00] BUAT-HISTORY-LOGIN.INFO: berhasil buat code PK HistoryLoginUser  
[2025-07-20T12:05:38.148047+00:00] BUAT-HISTORY-LOGIN.INFO: <================= MULAI PROSES SIMPAN DATA KE DATABAS HistoryLoginUser =================>  
[2025-07-20T12:05:38.156903+00:00] BUAT-HISTORY-LOGIN.INFO: Data dari controller: {"kd_user":"USR-202411-001"}  
[2025-07-20T12:05:38.159952+00:00] BUAT-HISTORY-LOGIN.INFO: berhasil buat code PK HistoryLoginUser  
[2025-07-20T13:37:28.313295+00:00] MULAI-PROSES-REGISTRASI.INFO: PROSES PENGECEKAN DATA REGISTRASI  
[2025-07-20T13:37:28.313622+00:00] MULAI-PROSES-REGISTRASI.INFO: Data Request: {"id_usr_level":"RESEPSIONIS","nama_user":"RESEPSION","password":"RESEPSION","is_karyawan":false,"kd_karyawan":null,"kd_user":{"kd_asli_user":"USR-202411-001","nama_user":"SPADMIN","id_level_user":"1","level_user":"SUPER ADMIN","img_user":"IMGUSR-202411-0001-null","format_img_user":"jpg","password_tampil":"31324","status_user":"ACTIVE","blokir":"TIDAK"}} 
[2025-07-20T13:37:28.338214+00:00] MULAI-PROSES-REGISTRASI.INFO: BERHSIL LEWAT PROSES CEK DATA REGISTRASI  
[2025-07-20T13:37:28.342474+00:00] BUAT-REGISTRASI.INFO: <================= MULAI PROSES SIMPAN DATA KE DATABASE TblUser =================>  
[2025-07-20T13:37:28.342928+00:00] BUAT-REGISTRASI.INFO: Data dari controller: {"id_usr_level":"RESEPSIONIS","nama_user":"RESEPSION","password":"RESEPSION","is_karyawan":false,"kd_karyawan":null,"kd_user":{"kd_asli_user":"USR-202411-001","nama_user":"SPADMIN","id_level_user":"1","level_user":"SUPER ADMIN","img_user":"IMGUSR-202411-0001-null","format_img_user":"jpg","password_tampil":"31324","status_user":"ACTIVE","blokir":"TIDAK"}}  
[2025-07-20T13:37:28.453919+00:00] BUAT-REGISTRASI.INFO: BERHASIL SIMPAN DATA  
[2025-07-20T13:37:28.455193+00:00] BUAT-REGISTRASI.INFO: PROSES REGISTRASI SELESAI  
[2025-07-20T13:52:48.466188+00:00] MULAI-PROSES-REGISTRASI.INFO: PROSES PENGECEKAN DATA REGISTRASI  
[2025-07-20T13:52:48.466475+00:00] MULAI-PROSES-REGISTRASI.INFO: Data Request: {"id_usr_level":"4","nama_user":"RESEPSION","password":"2312e","is_karyawan":false,"kd_karyawan":null,"kd_user":"USR-202411-001","user_login":"SPADMIN"} 
[2025-07-20T13:52:48.471704+00:00] MULAI-PROSES-REGISTRASI.INFO: BERHSIL LEWAT PROSES CEK DATA REGISTRASI  
[2025-07-20T13:52:48.475781+00:00] BUAT-REGISTRASI.INFO: <================= MULAI PROSES SIMPAN DATA KE DATABASE TblUser =================>  
[2025-07-20T13:52:48.476261+00:00] BUAT-REGISTRASI.INFO: Data dari controller: {"id_usr_level":"4","nama_user":"RESEPSION","password":"2312e","is_karyawan":false,"kd_karyawan":null,"kd_user":"USR-202411-001","user_login":"SPADMIN"}  
[2025-07-20T13:52:48.587262+00:00] BUAT-REGISTRASI.INFO: BERHASIL SIMPAN DATA  
[2025-07-20T13:52:48.588564+00:00] BUAT-REGISTRASI.INFO: PROSES REGISTRASI SELESAI  
[2025-07-25T13:41:32.676622+00:00] LOGIN.ERROR: Validasi gagal untuk user {"invalid_input":"USER","expected_format":"USER TIDAK DITEMUKAN"} 
[2025-07-25T13:41:41.254477+00:00] BUAT-HISTORY-LOGIN.INFO: <================= MULAI PROSES SIMPAN DATA KE DATABAS HistoryLoginUser =================>  
[2025-07-25T13:41:41.254739+00:00] BUAT-HISTORY-LOGIN.INFO: Data dari controller: {"kd_user":"USR-202411-001"}  
[2025-07-25T13:41:41.256044+00:00] BUAT-HISTORY-LOGIN.INFO: berhasil buat code PK HistoryLoginUser  
[2025-07-25T16:24:35.553335+00:00] BUAT-HISTORY-LOGIN.INFO: <================= MULAI PROSES SIMPAN DATA KE DATABAS HistoryLoginUser =================>  
[2025-07-25T16:24:35.553697+00:00] BUAT-HISTORY-LOGIN.INFO: Data dari controller: {"kd_user":"USR-202411-000"}  
[2025-07-25T16:24:35.554770+00:00] BUAT-HISTORY-LOGIN.INFO: berhasil buat code PK HistoryLoginUser  
[2025-07-26T01:57:34.437681+00:00] BUAT-HISTORY-LOGIN.INFO: <================= MULAI PROSES SIMPAN DATA KE DATABAS HistoryLoginUser =================>  
[2025-07-26T01:57:34.438110+00:00] BUAT-HISTORY-LOGIN.INFO: Data dari controller: {"kd_user":"USR-202411-000"}  
[2025-07-26T01:57:34.439131+00:00] BUAT-HISTORY-LOGIN.INFO: berhasil buat code PK HistoryLoginUser  
[2025-07-26T01:59:14.586612+00:00] BUAT-HISTORY-LOGIN.INFO: <================= MULAI PROSES SIMPAN DATA KE DATABAS HistoryLoginUser =================>  
[2025-07-26T01:59:14.586929+00:00] BUAT-HISTORY-LOGIN.INFO: Data dari controller: {"kd_user":"USR-202507-000"}  
[2025-07-26T01:59:14.587624+00:00] BUAT-HISTORY-LOGIN.INFO: berhasil buat code PK HistoryLoginUser  
[2025-07-26T02:00:29.637131+00:00] BUAT-HISTORY-LOGIN.INFO: <================= MULAI PROSES SIMPAN DATA KE DATABAS HistoryLoginUser =================>  
[2025-07-26T02:00:29.637437+00:00] BUAT-HISTORY-LOGIN.INFO: Data dari controller: {"kd_user":"USR-202411-000"}  
[2025-07-26T02:00:29.638285+00:00] BUAT-HISTORY-LOGIN.INFO: berhasil buat code PK HistoryLoginUser  
[2025-07-26T03:57:05.037005+00:00] BUAT-HISTORY-LOGIN.INFO: <================= MULAI PROSES SIMPAN DATA KE DATABAS HistoryLoginUser =================>  
[2025-07-26T03:57:05.037408+00:00] BUAT-HISTORY-LOGIN.INFO: Data dari controller: {"kd_user":"USR-202411-000"}  
[2025-07-26T03:57:05.038292+00:00] BUAT-HISTORY-LOGIN.INFO: berhasil buat code PK HistoryLoginUser  
[2025-07-26T06:44:54.152007+00:00] MULAI-PROSES-UBAH DATA USER.INFO: PROSES PENGECEKAN DATA UBAH DATA USER  
[2025-07-26T06:44:54.161799+00:00] EDIT-USER.INFO: <================= MULAI PROSES UBAH DATA DI DATABASE TblUser =================>  
[2025-07-26T06:44:54.162432+00:00] EDIT-USER.INFO: Data dari controller: {"nama_user":"ADMIN","id_usr_level":null,"password":"123","img_user":null,"user_input":null,"format_img_user":null,"kd_asli_user":"USR-202411-000"}  
[2025-07-26T06:44:54.224555+00:00] EDIT-USER.INFO: PROSES REGISTRASI SELESAI  
[2025-07-26T06:45:07.183626+00:00] BUAT-HISTORY-LOGIN.INFO: <================= MULAI PROSES SIMPAN DATA KE DATABAS HistoryLoginUser =================>  
[2025-07-26T06:45:07.183945+00:00] BUAT-HISTORY-LOGIN.INFO: Data dari controller: {"kd_user":"USR-202411-000"}  
[2025-07-26T06:45:07.185195+00:00] BUAT-HISTORY-LOGIN.INFO: berhasil buat code PK HistoryLoginUser  
[2025-07-26T06:45:21.456684+00:00] MULAI-PROSES-UBAH DATA USER.INFO: PROSES PENGECEKAN DATA UBAH DATA USER  
[2025-07-26T06:45:21.490558+00:00] EDIT-USER.INFO: <================= MULAI PROSES UBAH DATA DI DATABASE TblUser =================>  
[2025-07-26T06:45:21.491050+00:00] EDIT-USER.INFO: Data dari controller: {"nama_user":"ADMIN","id_usr_level":null,"password":"123","img_user":null,"user_input":null,"format_img_user":null,"kd_asli_user":"USR-202411-000"}  
[2025-07-26T06:45:21.552031+00:00] EDIT-USER.INFO: PROSES REGISTRASI SELESAI  
[2025-07-26T06:46:41.662883+00:00] MULAI-PROSES-UBAH DATA USER.INFO: PROSES PENGECEKAN DATA UBAH DATA USER  
[2025-07-26T06:46:41.681162+00:00] EDIT-USER.INFO: <================= MULAI PROSES UBAH DATA DI DATABASE TblUser =================>  
[2025-07-26T06:46:41.681663+00:00] EDIT-USER.INFO: Data dari controller: {"nama_user":"ADMIN","id_usr_level":null,"password":"1234","img_user":null,"user_input":null,"format_img_user":null,"kd_asli_user":"USR-202411-000"}  
[2025-07-26T06:46:41.742263+00:00] EDIT-USER.INFO: PROSES REGISTRASI SELESAI  
[2025-07-26T06:49:23.136562+00:00] MULAI-PROSES-UBAH DATA USER.INFO: PROSES PENGECEKAN DATA UBAH DATA USER  
[2025-07-26T06:49:23.146772+00:00] EDIT-USER.INFO: <================= MULAI PROSES UBAH DATA DI DATABASE TblUser =================>  
[2025-07-26T06:49:23.147258+00:00] EDIT-USER.INFO: Data dari controller: {"nama_user":"ADMIN","password":"123","img_user":null,"user_input":null,"format_img_user":null,"kd_asli_user":"USR-202411-000"}  
[2025-07-26T06:49:23.208921+00:00] EDIT-USER.INFO: PROSES REGISTRASI SELESAI  
[2025-07-26T06:50:57.908199+00:00] MULAI-PROSES-UBAH DATA USER.INFO: PROSES PENGECEKAN DATA UBAH DATA USER  
[2025-07-26T06:51:55.234695+00:00] MULAI-PROSES-UBAH DATA USER.INFO: PROSES PENGECEKAN DATA UBAH DATA USER  
[2025-07-26T06:51:55.254849+00:00] EDIT-USER.INFO: <================= MULAI PROSES UBAH DATA DI DATABASE TblUser =================>  
[2025-07-26T06:51:55.255363+00:00] EDIT-USER.INFO: Data dari controller: {"nama_user":"ADMIN","password":"123","img_user":"IMGUSR-202507-0001-USR-202411-000","user_input":null,"format_img_user":"jpg","kd_asli_user":"USR-202411-000"}  
[2025-07-26T06:51:55.311756+00:00] EDIT-USER.INFO: PROSES REGISTRASI SELESAI  
